<?xml version="1.0" encoding="UTF-8"?>
<testsuite xmlns:xsi="http://www.w3.org/2001/XMLSchema-instance" xsi:noNamespaceSchemaLocation="https://maven.apache.org/surefire/maven-surefire-plugin/xsd/surefire-test-report.xsd" name="Test_SL_runner" time="331.448" tests="15" errors="2" skipped="0" failures="0">
  <properties>
[...]
</properties>
  <testcase name="Test the Test HYR tutorials alert page behaviour #1" classname="Feature to Test HYR tutorial&apos;s alert page behaviour" time="26.008"/>
  <testcase name="Test the Test HYR tutorials alert page behaviour #2" classname="Feature to Test HYR tutorial&apos;s alert page behaviour" time="24.56"/>
  <testcase name="Test the Test HYR tutorials alert page behaviour #3" classname="Feature to Test HYR tutorial&apos;s alert page behaviour" time="23.81"/>
  <testcase name="Test the Test HYR tutorials alert page behaviour #4" classname="Feature to Test HYR tutorial&apos;s alert page behaviour" time="25.03"/>
  <testcase name="Test the Test HYR tutorials alert page behaviour #5" classname="Feature to Test HYR tutorial&apos;s alert page behaviour" time="27.359"/>
  <testcase name="Test the Test HYR tutorials Iframes behaviour" classname="Feature to Test HYR tutorials Iframes behaviour" time="38.942"/>
  <testcase name="Check login is successfull with Valid Credentials #1" classname="Feature to test Login functionality" time="15.9"/>
  <testcase name="Check login is successfull with Valid Credentials #2" classname="Feature to test Login functionality" time="25.455">
    <error message="no such element: Unable to locate element: {&quot;method&quot;:&quot;css selector&quot;,&quot;selector&quot;:&quot;#shopping_cart_container&quot;}&#10;  (Session info: chrome=120.0.6099.63)&#10;For documentation on this error, please visit: https://www.selenium.dev/documentation/webdriver/troubleshooting/errors#no-such-element-exception&#10;Build info: version: &apos;4.15.0&apos;, revision: &apos;1d14b5521b&apos;&#10;System info: os.name: &apos;Windows 10&apos;, os.arch: &apos;amd64&apos;, os.version: &apos;10.0&apos;, java.version: &apos;17.0.8.1&apos;&#10;Driver info: org.openqa.selenium.chrome.ChromeDriver&#10;Command: [02f4f3f263d301089c3581962fe47bca, findElement {using=id, value=shopping_cart_container}]&#10;Capabilities {acceptInsecureCerts: false, browserName: chrome, browserVersion: 120.0.6099.63, chrome: {chromedriverVersion: 119.0.6045.105 (38c72552c5e..., userDataDir: C:\Users\259903\AppData\Loc...}, fedcm:accounts: true, goog:chromeOptions: {debuggerAddress: localhost:59607}, networkConnectionEnabled: false, pageLoadStrategy: normal, platformName: windows, proxy: Proxy(), se:cdp: ws://localhost:59607/devtoo..., se:cdpVersion: 120.0.6099.63, setWindowRect: true, strictFileInteractability: false, timeouts: {implicit: 0, pageLoad: 300000, script: 30000}, unhandledPromptBehavior: dismiss and notify, webauthn:extension:credBlob: true, webauthn:extension:largeBlob: true, webauthn:extension:minPinLength: true, webauthn:extension:prf: true, webauthn:virtualAuthenticators: true}&#10;Session ID: 02f4f3f263d301089c3581962fe47bca" type="org.openqa.selenium.NoSuchElementException">org.openqa.selenium.NoSuchElementException: 
no such element: Unable to locate element: {"method":"css selector","selector":"#shopping_cart_container"}
  (Session info: chrome=120.0.6099.63)
For documentation on this error, please visit: https://www.selenium.dev/documentation/webdriver/troubleshooting/errors#no-such-element-exception
Build info: version: '4.15.0', revision: '1d14b5521b'
System info: os.name: 'Windows 10', os.arch: 'amd64', os.version: '10.0', java.version: '17.0.8.1'
Driver info: org.openqa.selenium.chrome.ChromeDriver
Command: [02f4f3f263d301089c3581962fe47bca, findElement {using=id, value=shopping_cart_container}]
Capabilities {acceptInsecureCerts: false, browserName: chrome, browserVersion: 120.0.6099.63, chrome: {chromedriverVersion: 119.0.6045.105 (38c72552c5e..., userDataDir: C:\Users\259903\AppData\Loc...}, fedcm:accounts: true, goog:chromeOptions: {debuggerAddress: localhost:59607}, networkConnectionEnabled: false, pageLoadStrategy: normal, platformName: windows, proxy: Proxy(), se:cdp: ws://localhost:59607/devtoo..., se:cdpVersion: 120.0.6099.63, setWindowRect: true, strictFileInteractability: false, timeouts: {implicit: 0, pageLoad: 300000, script: 30000}, unhandledPromptBehavior: dismiss and notify, webauthn:extension:credBlob: true, webauthn:extension:largeBlob: true, webauthn:extension:minPinLength: true, webauthn:extension:prf: true, webauthn:virtualAuthenticators: true}
Session ID: 02f4f3f263d301089c3581962fe47bca
</error>
    <system-out><![CDATA[
@smokefeature @login_check @Swaglabs @login_check_success
Scenario Outline: Check login is successfull with Valid Credentials # src/test/resources/Features/SL_login.feature:20
===Opening Chrome Browser===
  Given Open the chrome browser                                     # StepDefenitions.SL_loginsteps_PF.open_the_chrome_browser()
  And User is on login Page                                         # StepDefenitions.SL_loginsteps_PF.user_is_on_login_page()
  When User enters visual_user and secret_sauce2                    # StepDefenitions.SL_loginsteps_PF.user_enters_username_and_password(java.lang.String,java.lang.String)
  And Clicks on Login button                                        # StepDefenitions.SL_loginsteps_PF.clicks_on_login_button()
  Then Browser navigates to login home page                         # StepDefenitions.SL_loginsteps_PF.browser_navigates_to_login_page()
      org.openqa.selenium.NoSuchElementException: no such element: Unable to locate element: {"method":"css selector","selector":"#shopping_cart_container"}
  (Session info: chrome=120.0.6099.63)
For documentation on this error, please visit: https://www.selenium.dev/documentation/webdriver/troubleshooting/errors#no-such-element-exception
Build info: version: '4.15.0', revision: '1d14b5521b'
System info: os.name: 'Windows 10', os.arch: 'amd64', os.version: '10.0', java.version: '17.0.8.1'
Driver info: org.openqa.selenium.chrome.ChromeDriver
Command: [02f4f3f263d301089c3581962fe47bca, findElement {using=id, value=shopping_cart_container}]
Capabilities {acceptInsecureCerts: false, browserName: chrome, browserVersion: 120.0.6099.63, chrome: {chromedriverVersion: 119.0.6045.105 (38c72552c5e..., userDataDir: C:\Users\259903\AppData\Loc...}, fedcm:accounts: true, goog:chromeOptions: {debuggerAddress: localhost:59607}, networkConnectionEnabled: false, pageLoadStrategy: normal, platformName: windows, proxy: Proxy(), se:cdp: ws://localhost:59607/devtoo..., se:cdpVersion: 120.0.6099.63, setWindowRect: true, strictFileInteractability: false, timeouts: {implicit: 0, pageLoad: 300000, script: 30000}, unhandledPromptBehavior: dismiss and notify, webauthn:extension:credBlob: true, webauthn:extension:largeBlob: true, webauthn:extension:minPinLength: true, webauthn:extension:prf: true, webauthn:virtualAuthenticators: true}
Session ID: 02f4f3f263d301089c3581962fe47bca
	at java.base/jdk.internal.reflect.NativeConstructorAccessorImpl.newInstance0(Native Method)
	at java.base/jdk.internal.reflect.NativeConstructorAccessorImpl.newInstance(NativeConstructorAccessorImpl.java:77)
	at java.base/jdk.internal.reflect.DelegatingConstructorAccessorImpl.newInstance(DelegatingConstructorAccessorImpl.java:45)
	at java.base/java.lang.reflect.Constructor.newInstanceWithCaller(Constructor.java:499)
	at java.base/java.lang.reflect.Constructor.newInstance(Constructor.java:480)
	at org.openqa.selenium.remote.codec.w3c.W3CHttpResponseCodec.createException(W3CHttpResponseCodec.java:200)
	at org.openqa.selenium.remote.codec.w3c.W3CHttpResponseCodec.decode(W3CHttpResponseCodec.java:133)
	at org.openqa.selenium.remote.codec.w3c.W3CHttpResponseCodec.decode(W3CHttpResponseCodec.java:52)
	at org.openqa.selenium.remote.HttpCommandExecutor.execute(HttpCommandExecutor.java:191)
	at org.openqa.selenium.remote.service.DriverCommandExecutor.invokeExecute(DriverCommandExecutor.java:200)
	at org.openqa.selenium.remote.service.DriverCommandExecutor.execute(DriverCommandExecutor.java:175)
	at org.openqa.selenium.remote.RemoteWebDriver.execute(RemoteWebDriver.java:607)
	at org.openqa.selenium.remote.ElementLocation$ElementFinder$2.findElement(ElementLocation.java:165)
	at org.openqa.selenium.remote.ElementLocation.findElement(ElementLocation.java:59)
	at org.openqa.selenium.remote.RemoteWebDriver.findElement(RemoteWebDriver.java:364)
	at org.openqa.selenium.remote.RemoteWebDriver.findElement(RemoteWebDriver.java:358)
	at org.openqa.selenium.support.pagefactory.DefaultElementLocator.findElement(DefaultElementLocator.java:68)
	at org.openqa.selenium.support.pagefactory.internal.LocatingElementHandler.invoke(LocatingElementHandler.java:38)
	at jdk.proxy2/jdk.proxy2.$Proxy21.isDisplayed(Unknown Source)
	at Pagefactory.SL_Products_page_PF.addtocartvalidate(SL_Products_page_PF.java:41)
	at StepDefenitions.SL_loginsteps_PF.browser_navigates_to_login_page(SL_loginsteps_PF.java:84)
	at âœ½.Browser navigates to login home page(file:///C:/Users/259903/eclipse-workspace/Cucumber-Maven-testing/src/test/resources/Features/SL_login.feature:15)


    Embedding Failed screenshot of Check login is successfull with Valid Credentials [image/png 53778 bytes]

===Browser closed with Hooks file===
]]></system-out>
    <system-err><![CDATA[Dec 07, 2023 12:20:59 PM org.openqa.selenium.devtools.CdpVersionFinder findNearestMatch
WARNING: Unable to find an exact match for CDP version 120, returning the closest version; found: 119; Please update to a Selenium version that supports CDP version 120
]]></system-err>
  </testcase>
  <testcase name="Check login is successfull with invalid Credentials #1" classname="Feature to test Login functionality" time="15.344"/>
  <testcase name="Check login is successfull with invalid Credentials #2" classname="Feature to test Login functionality" time="15.24"/>
  <testcase name="Check login is successfull with locked user Credentials" classname="Feature to test Login functionality" time="15.393"/>
  <testcase name="Check products login by filter #1" classname="Feature to test products sort by filter" time="20.69"/>
  <testcase name="Check products login by filter #2" classname="Feature to test products sort by filter" time="20.458"/>
  <testcase name="Check products login by filter #3" classname="Feature to test products sort by filter" time="16.327">
    <error message="no such element: Unable to locate element: {&quot;method&quot;:&quot;css selector&quot;,&quot;selector&quot;:&quot;#user\-name&quot;}&#10;  (Session info: chrome=120.0.6099.63)&#10;For documentation on this error, please visit: https://www.selenium.dev/documentation/webdriver/troubleshooting/errors#no-such-element-exception&#10;Build info: version: &apos;4.15.0&apos;, revision: &apos;1d14b5521b&apos;&#10;System info: os.name: &apos;Windows 10&apos;, os.arch: &apos;amd64&apos;, os.version: &apos;10.0&apos;, java.version: &apos;17.0.8.1&apos;&#10;Driver info: org.openqa.selenium.chrome.ChromeDriver&#10;Command: [cfc2297ce480bb4122c4bfee8339b9f3, findElement {using=id, value=user-name}]&#10;Capabilities {acceptInsecureCerts: false, browserName: chrome, browserVersion: 120.0.6099.63, chrome: {chromedriverVersion: 119.0.6045.105 (38c72552c5e..., userDataDir: C:\Users\259903\AppData\Loc...}, fedcm:accounts: true, goog:chromeOptions: {debuggerAddress: localhost:60178}, networkConnectionEnabled: false, pageLoadStrategy: normal, platformName: windows, proxy: Proxy(), se:cdp: ws://localhost:60178/devtoo..., se:cdpVersion: 120.0.6099.63, setWindowRect: true, strictFileInteractability: false, timeouts: {implicit: 0, pageLoad: 300000, script: 30000}, unhandledPromptBehavior: dismiss and notify, webauthn:extension:credBlob: true, webauthn:extension:largeBlob: true, webauthn:extension:minPinLength: true, webauthn:extension:prf: true, webauthn:virtualAuthenticators: true}&#10;Session ID: cfc2297ce480bb4122c4bfee8339b9f3" type="org.openqa.selenium.NoSuchElementException">org.openqa.selenium.NoSuchElementException: 
no such element: Unable to locate element: {"method":"css selector","selector":"#user\-name"}
  (Session info: chrome=120.0.6099.63)
For documentation on this error, please visit: https://www.selenium.dev/documentation/webdriver/troubleshooting/errors#no-such-element-exception
Build info: version: '4.15.0', revision: '1d14b5521b'
System info: os.name: 'Windows 10', os.arch: 'amd64', os.version: '10.0', java.version: '17.0.8.1'
Driver info: org.openqa.selenium.chrome.ChromeDriver
Command: [cfc2297ce480bb4122c4bfee8339b9f3, findElement {using=id, value=user-name}]
Capabilities {acceptInsecureCerts: false, browserName: chrome, browserVersion: 120.0.6099.63, chrome: {chromedriverVersion: 119.0.6045.105 (38c72552c5e..., userDataDir: C:\Users\259903\AppData\Loc...}, fedcm:accounts: true, goog:chromeOptions: {debuggerAddress: localhost:60178}, networkConnectionEnabled: false, pageLoadStrategy: normal, platformName: windows, proxy: Proxy(), se:cdp: ws://localhost:60178/devtoo..., se:cdpVersion: 120.0.6099.63, setWindowRect: true, strictFileInteractability: false, timeouts: {implicit: 0, pageLoad: 300000, script: 30000}, unhandledPromptBehavior: dismiss and notify, webauthn:extension:credBlob: true, webauthn:extension:largeBlob: true, webauthn:extension:minPinLength: true, webauthn:extension:prf: true, webauthn:virtualAuthenticators: true}
Session ID: cfc2297ce480bb4122c4bfee8339b9f3
</error>
    <system-out><![CDATA[
@smokefeature @productssort_check @Swaglabs @productssort_success
Scenario Outline: Check products login by filter                              # src/test/resources/Features/SL_productssort.feature:25
===Opening Chrome Browser===
  Given Open the chrome browser                                               # StepDefenitions.SL_loginsteps_PF.open_the_chrome_browser()
  And User is on login Page                                                   # StepDefenitions.SL_loginsteps_PF.user_is_on_login_page()
  When User enters standard_user and secret_sauce                             # StepDefenitions.SL_loginsteps_PF.user_enters_username_and_password(java.lang.String,java.lang.String)
      org.openqa.selenium.NoSuchElementException: no such element: Unable to locate element: {"method":"css selector","selector":"#user\-name"}
  (Session info: chrome=120.0.6099.63)
For documentation on this error, please visit: https://www.selenium.dev/documentation/webdriver/troubleshooting/errors#no-such-element-exception
Build info: version: '4.15.0', revision: '1d14b5521b'
System info: os.name: 'Windows 10', os.arch: 'amd64', os.version: '10.0', java.version: '17.0.8.1'
Driver info: org.openqa.selenium.chrome.ChromeDriver
Command: [cfc2297ce480bb4122c4bfee8339b9f3, findElement {using=id, value=user-name}]
Capabilities {acceptInsecureCerts: false, browserName: chrome, browserVersion: 120.0.6099.63, chrome: {chromedriverVersion: 119.0.6045.105 (38c72552c5e..., userDataDir: C:\Users\259903\AppData\Loc...}, fedcm:accounts: true, goog:chromeOptions: {debuggerAddress: localhost:60178}, networkConnectionEnabled: false, pageLoadStrategy: normal, platformName: windows, proxy: Proxy(), se:cdp: ws://localhost:60178/devtoo..., se:cdpVersion: 120.0.6099.63, setWindowRect: true, strictFileInteractability: false, timeouts: {implicit: 0, pageLoad: 300000, script: 30000}, unhandledPromptBehavior: dismiss and notify, webauthn:extension:credBlob: true, webauthn:extension:largeBlob: true, webauthn:extension:minPinLength: true, webauthn:extension:prf: true, webauthn:virtualAuthenticators: true}
Session ID: cfc2297ce480bb4122c4bfee8339b9f3
	at java.base/jdk.internal.reflect.NativeConstructorAccessorImpl.newInstance0(Native Method)
	at java.base/jdk.internal.reflect.NativeConstructorAccessorImpl.newInstance(NativeConstructorAccessorImpl.java:77)
	at java.base/jdk.internal.reflect.DelegatingConstructorAccessorImpl.newInstance(DelegatingConstructorAccessorImpl.java:45)
	at java.base/java.lang.reflect.Constructor.newInstanceWithCaller(Constructor.java:499)
	at java.base/java.lang.reflect.Constructor.newInstance(Constructor.java:480)
	at org.openqa.selenium.remote.codec.w3c.W3CHttpResponseCodec.createException(W3CHttpResponseCodec.java:200)
	at org.openqa.selenium.remote.codec.w3c.W3CHttpResponseCodec.decode(W3CHttpResponseCodec.java:133)
	at org.openqa.selenium.remote.codec.w3c.W3CHttpResponseCodec.decode(W3CHttpResponseCodec.java:52)
	at org.openqa.selenium.remote.HttpCommandExecutor.execute(HttpCommandExecutor.java:191)
	at org.openqa.selenium.remote.service.DriverCommandExecutor.invokeExecute(DriverCommandExecutor.java:200)
	at org.openqa.selenium.remote.service.DriverCommandExecutor.execute(DriverCommandExecutor.java:175)
	at org.openqa.selenium.remote.RemoteWebDriver.execute(RemoteWebDriver.java:607)
	at org.openqa.selenium.remote.ElementLocation$ElementFinder$2.findElement(ElementLocation.java:165)
	at org.openqa.selenium.remote.ElementLocation.findElement(ElementLocation.java:66)
	at org.openqa.selenium.remote.RemoteWebDriver.findElement(RemoteWebDriver.java:364)
	at org.openqa.selenium.remote.RemoteWebDriver.findElement(RemoteWebDriver.java:358)
	at org.openqa.selenium.support.pagefactory.DefaultElementLocator.findElement(DefaultElementLocator.java:68)
	at org.openqa.selenium.support.pagefactory.internal.LocatingElementHandler.invoke(LocatingElementHandler.java:38)
	at jdk.proxy2/jdk.proxy2.$Proxy21.sendKeys(Unknown Source)
	at Pagefactory.SL_Loginpage_PF.enterusername(SL_Loginpage_PF.java:38)
	at StepDefenitions.SL_loginsteps_PF.user_enters_username_and_password(SL_loginsteps_PF.java:66)
	at âœ½.User enters standard_user and secret_sauce(file:///C:/Users/259903/eclipse-workspace/Cucumber-Maven-testing/src/test/resources/Features/SL_productssort.feature:10)

  And Clicks on Login button                                                  # StepDefenitions.SL_loginsteps_PF.clicks_on_login_button()
  Then Browser navigates to login home page                                   # StepDefenitions.SL_loginsteps_PF.browser_navigates_to_login_page()
  When provides the Sort value Price (low to high)                            # StepDefenitions.SL_sort_filters_steps_PF.sort_the_filter(java.lang.String)
  Then Validate the first product and price Sauce Labs Onesie  and $7.99      # StepDefenitions.SL_sort_filters_steps_PF.validate_the_product_and_prices(java.lang.String,java.lang.String)
  And Validate the last product and price Sauce Labs Fleece Jacket and $49.99 # StepDefenitions.SL_sort_filters_steps_PF.validate_the_product_and_price(java.lang.String,java.lang.String)

    Embedding Failed screenshot of Check products login by filter [image/png 8260 bytes]

===Browser closed with Hooks file===
]]></system-out>
    <system-err><![CDATA[Dec 07, 2023 12:22:51 PM org.openqa.selenium.devtools.CdpVersionFinder findNearestMatch
WARNING: Unable to find an exact match for CDP version 120, returning the closest version; found: 119; Please update to a Selenium version that supports CDP version 120
]]></system-err>
  </testcase>
  <testcase name="Check products login by filter #4" classname="Feature to test products sort by filter" time="20.343"/>
</testsuite>